
2025-07-03 22:31:58,136 - INFO - Aplicación cerrada correctamente
2025-07-03 22:36:56,845 - INFO - === Iniciando Simulador de Planificación de CPU ===
2025-07-03 22:36:56,847 - INFO - Verificando backend en puerto 5000...
2025-07-03 22:36:56,847 - INFO - Iniciando backend desde Python...
2025-07-03 22:36:56,851 - INFO - Backend iniciado con PID: 8756
2025-07-03 22:36:58,872 - INFO - Backend respondiendo correctamente
2025-07-03 22:36:58,873 - INFO - Creando ventana principal...
2025-07-03 22:47:47,078 - INFO - === Iniciando Simulador de Planificación de CPU ===
2025-07-03 22:47:47,080 - INFO - Iniciando backend desde Python...
2025-07-03 22:47:47,080 - INFO - Verificando backend en puerto 5000...
2025-07-03 22:47:47,083 - INFO - Backend iniciado con PID: 4948
2025-07-03 22:47:49,105 - INFO - Backend respondiendo correctamente
2025-07-03 22:47:49,106 - INFO - Creando ventana principal...
2025-07-03 23:07:39,721 - INFO - Aplicación cerrada correctamente
2025-07-03 23:07:39,722 - INFO - Terminando proceso backend...
2025-07-03 23:07:40,400 - INFO - Terminando proceso backend...
2025-07-03 23:14:26,778 - INFO - === Iniciando Simulador de Planificación de CPU ===
2025-07-03 23:14:26,780 - INFO - Iniciando backend desde Python...
2025-07-03 23:14:26,781 - INFO - Verificando backend en puerto 5000...
2025-07-03 23:14:26,785 - INFO - Backend iniciado con PID: 16108
2025-07-03 23:14:28,792 - INFO - Backend respondiendo correctamente
2025-07-03 23:14:28,792 - INFO - Creando ventana principal...
2025-07-03 23:14:53,820 - INFO - Aplicación cerrada correctamente
2025-07-03 23:14:53,820 - INFO - Terminando proceso backend...
2025-07-03 23:14:54,505 - INFO - Terminando proceso backend...
2025-07-03 23:17:00,699 - INFO - === Iniciando Simulador de Planificación de CPU ===
2025-07-03 23:17:00,700 - INFO - Verificando backend en puerto 5000...
2025-07-03 23:17:00,701 - INFO - Iniciando backend desde Python...
2025-07-03 23:17:00,705 - INFO - Backend iniciado con PID: 1380
2025-07-03 23:17:02,723 - INFO - Backend respondiendo correctamente
2025-07-03 23:17:02,723 - INFO - Creando ventana principal...
2025-07-03 23:19:11,928 - INFO - Aplicación cerrada correctamente
2025-07-03 23:19:11,928 - INFO - Terminando proceso backend...
2025-07-03 23:19:12,610 - INFO - Terminando proceso backend...
2025-07-03 23:20:05,873 - INFO - === Iniciando Simulador de Planificación de CPU ===
2025-07-03 23:20:05,875 - INFO - Iniciando backend desde Python...
2025-07-03 23:20:05,875 - INFO - Verificando backend en puerto 5000...
2025-07-03 23:20:05,879 - INFO - Backend iniciado con PID: 16396
2025-07-03 23:20:07,897 - INFO - Backend respondiendo correctamente
2025-07-03 23:20:07,897 - INFO - Creando ventana principal...
2025-07-03 23:26:41,115 - INFO - Aplicación cerrada correctamente
2025-07-03 23:26:44,188 - INFO - Terminando proceso backend...
2025-07-03 23:26:44,803 - INFO - Terminando proceso backend...
2025-07-03 23:28:03,757 - INFO - === Iniciando Simulador de Planificación de CPU ===
2025-07-03 23:28:03,758 - INFO - Iniciando backend desde Python...
2025-07-03 23:28:03,758 - INFO - Verificando backend en puerto 5000...
2025-07-03 23:28:03,762 - INFO - Backend iniciado con PID: 16044
2025-07-03 23:28:05,770 - INFO - Backend respondiendo correctamente
2025-07-03 23:28:05,771 - INFO - Creando ventana principal...
2025-07-03 23:29:02,019 - INFO - Aplicación cerrada correctamente
2025-07-03 23:29:02,019 - INFO - Terminando proceso backend...
2025-07-03 23:29:02,720 - INFO - Terminando proceso backend...
2025-07-03 23:46:36,915 - INFO - === Iniciando Simulador de Planificación de CPU ===
2025-07-03 23:46:36,916 - INFO - Iniciando backend desde Python...
2025-07-03 23:46:36,916 - INFO - Ejecutando: G:\universidad\programas\simulador_colas_procesos\simulador_colas_procesos\venv_launcher\Scripts\python.exe G:\universidad\programas\simulador_colas_procesos\simulador_colas_procesos\backend\simulador_backend_python.py
2025-07-03 23:46:36,916 - INFO - Directorio de trabajo: G:\universidad\programas\simulador_colas_procesos\simulador_colas_procesos\backend
2025-07-03 23:46:37,180 - INFO - Flask disponible para importar
2025-07-03 23:46:37,183 - INFO - Backend iniciado con PID: 18596
2025-07-03 23:46:39,184 - INFO - Verificando backend en puerto 5000...
2025-07-03 23:46:41,215 - INFO - Backend respondiendo correctamente
2025-07-03 23:46:41,216 - INFO - Creando ventana principal...
2025-07-03 23:47:09,845 - INFO - Aplicación cerrada correctamente
2025-07-03 23:47:09,846 - INFO - Terminando proceso backend...
2025-07-03 23:47:10,536 - INFO - Terminando proceso backend...
